<?xml version="1.0" encoding="UTF-8"?>
<coverage generated="1712805955453" clover="3.2.0">
  <project timestamp="1712805955453" name="All files">
    <metrics statements="24" coveredstatements="21" conditionals="4" coveredconditionals="3" methods="5" coveredmethods="4" elements="33" coveredelements="28" complexity="0" loc="24" ncloc="24" packages="4" files="4" classes="4"/>
    <package name="Button">
      <metrics statements="5" coveredstatements="5" conditionals="3" coveredconditionals="2" methods="1" coveredmethods="1"/>
      <file name="index.tsx" path="/Users/guyrude/Desktop/workshop/webpack/webpack-learn/dumi2-demo/src/Button/index.tsx">
        <metrics statements="5" coveredstatements="5" conditionals="3" coveredconditionals="2" methods="1" coveredmethods="1"/>
        <line num="1" count="1" type="stmt"/>
        <line num="11" count="1" type="stmt"/>
        <line num="12" count="4" type="cond" truecount="1" falsecount="0"/>
        <line num="13" count="4" type="stmt"/>
        <line num="24" count="1" type="stmt"/>
      </file>
    </package>
    <package name="Foo">
      <metrics statements="3" coveredstatements="0" conditionals="0" coveredconditionals="0" methods="1" coveredmethods="0"/>
      <file name="index.tsx" path="/Users/guyrude/Desktop/workshop/webpack/webpack-learn/dumi2-demo/src/Foo/index.tsx">
        <metrics statements="3" coveredstatements="0" conditionals="0" coveredconditionals="0" methods="1" coveredmethods="0"/>
        <line num="1" count="0" type="stmt"/>
        <line num="3" count="0" type="stmt"/>
        <line num="5" count="0" type="stmt"/>
      </file>
    </package>
    <package name="PrimaryButton">
      <metrics statements="6" coveredstatements="6" conditionals="0" coveredconditionals="0" methods="1" coveredmethods="1"/>
      <file name="index.tsx" path="/Users/guyrude/Desktop/workshop/webpack/webpack-learn/dumi2-demo/src/PrimaryButton/index.tsx">
        <metrics statements="6" coveredstatements="6" conditionals="0" coveredconditionals="0" methods="1" coveredmethods="1"/>
        <line num="1" count="1" type="stmt"/>
        <line num="2" count="1" type="stmt"/>
        <line num="6" count="1" type="stmt"/>
        <line num="7" count="2" type="stmt"/>
        <line num="9" count="2" type="stmt"/>
        <line num="16" count="1" type="stmt"/>
      </file>
    </package>
    <package name="formatTime">
      <metrics statements="10" coveredstatements="10" conditionals="1" coveredconditionals="1" methods="2" coveredmethods="2"/>
      <file name="index.ts" path="/Users/guyrude/Desktop/workshop/webpack/webpack-learn/dumi2-demo/src/formatTime/index.ts">
        <metrics statements="10" coveredstatements="10" conditionals="1" coveredconditionals="1" methods="2" coveredmethods="2"/>
        <line num="8" count="2" type="stmt"/>
        <line num="9" count="2" type="stmt"/>
        <line num="10" count="2" type="stmt"/>
        <line num="11" count="2" type="stmt"/>
        <line num="12" count="2" type="stmt"/>
        <line num="13" count="2" type="stmt"/>
        <line num="14" count="2" type="stmt"/>
        <line num="15" count="2" type="stmt"/>
        <line num="23" count="12" type="stmt"/>
        <line num="26" count="1" type="stmt"/>
      </file>
    </package>
  </project>
</coverage>
